# JRE version: OpenJDK Runtime Environment Temurin-17.0.13+11 (17.0.13+11) (build 17.0.13+11)
# Java VM: OpenJDK 64-Bit Server VM Temurin-17.0.13+11 (17.0.13+11, mixed mode, tiered, compressed oops, compressed class ptrs, parallel gc, windows-amd64)
GC Precious Log:
 CPUs: 4 total, 4 available
 Memory: 12180M
 Large Page Support: Disabled
 NUMA Support: Disabled
 Compressed Oops: Enabled (32-bit)
 Alignments: Space 512K, Generation 512K, Heap 2M
 Heap Min Capacity: 100M
 Heap Initial Capacity: 100M
 Heap Max Capacity: 1G
 Pre-touch: Disabled
 Parallel Workers: 4
Heap:
 PSYoungGen      total 23552K, used 18551K [0x00000000eab00000, 0x00000000ec500000, 0x0000000100000000)
  eden space 22016K, 78% used [0x00000000eab00000,0x00000000ebbf4208,0x00000000ec080000)
  from space 1536K, 77% used [0x00000000ec380000,0x00000000ec4a9ad8,0x00000000ec500000)
  to   space 2048K, 0% used [0x00000000ec100000,0x00000000ec100000,0x00000000ec300000)
 ParOldGen       total 68608K, used 29612K [0x00000000c0000000, 0x00000000c4300000, 0x00000000eab00000)
  object space 68608K, 43% used [0x00000000c0000000,0x00000000c1ceb0a0,0x00000000c4300000)
 Metaspace       used 54539K, committed 55680K, reserved 1114112K
  class space    used 5834K, committed 6336K, reserved 1048576K
GC Heap History (20 events):
Event: 4.716 GC heap before
{Heap before GC invocations=13 (full 2):
 PSYoungGen      total 25600K, used 23549K [0x00000000eab00000, 0x00000000ec880000, 0x0000000100000000)
  eden space 23552K, 99% used [0x00000000eab00000,0x00000000ec1ff730,0x00000000ec200000)
  from space 2048K, 0% used [0x00000000ec680000,0x00000000ec680000,0x00000000ec880000)
  to   space 2048K, 0% used [0x00000000ec480000,0x00000000ec480000,0x00000000ec680000)
 ParOldGen       total 68608K, used 15284K [0x00000000c0000000, 0x00000000c4300000, 0x00000000eab00000)
  object space 68608K, 22% used [0x00000000c0000000,0x00000000c0eed290,0x00000000c4300000)
 Metaspace       used 38569K, committed 39552K, reserved 1114112K
  class space    used 3808K, committed 4224K, reserved 1048576K
}
Event: 4.718 GC heap after
{Heap after GC invocations=13 (full 2):
 PSYoungGen      total 25088K, used 1832K [0x00000000eab00000, 0x00000000ec700000, 0x0000000100000000)
  eden space 23040K, 0% used [0x00000000eab00000,0x00000000eab00000,0x00000000ec180000)
  from space 2048K, 89% used [0x00000000ec480000,0x00000000ec64a3b8,0x00000000ec680000)
  to   space 512K, 0% used [0x00000000ec680000,0x00000000ec680000,0x00000000ec700000)
 ParOldGen       total 68608K, used 15292K [0x00000000c0000000, 0x00000000c4300000, 0x00000000eab00000)
  object space 68608K, 22% used [0x00000000c0000000,0x00000000c0eef290,0x00000000c4300000)
 Metaspace       used 38569K, committed 39552K, reserved 1114112K
  class space    used 3808K, committed 4224K, reserved 1048576K
}
Event: 5.071 GC heap before
{Heap before GC invocations=14 (full 2):
 PSYoungGen      total 25088K, used 24868K [0x00000000eab00000, 0x00000000ec700000, 0x0000000100000000)
  eden space 23040K, 99% used [0x00000000eab00000,0x00000000ec17f040,0x00000000ec180000)
  from space 2048K, 89% used [0x00000000ec480000,0x00000000ec64a3b8,0x00000000ec680000)
  to   space 512K, 0% used [0x00000000ec680000,0x00000000ec680000,0x00000000ec700000)
 ParOldGen       total 68608K, used 15292K [0x00000000c0000000, 0x00000000c4300000, 0x00000000eab00000)
  object space 68608K, 22% used [0x00000000c0000000,0x00000000c0eef290,0x00000000c4300000)
 Metaspace       used 41267K, committed 42240K, reserved 1114112K
  class space    used 4197K, committed 4608K, reserved 1048576K
}
Event: 5.075 GC heap after
{Heap after GC invocations=14 (full 2):
 PSYoungGen      total 23040K, used 512K [0x00000000eab00000, 0x00000000ec700000, 0x0000000100000000)
  eden space 22528K, 0% used [0x00000000eab00000,0x00000000eab00000,0x00000000ec100000)
  from space 512K, 100% used [0x00000000ec680000,0x00000000ec700000,0x00000000ec700000)
  to   space 3072K, 0% used [0x00000000ec100000,0x00000000ec100000,0x00000000ec400000)
 ParOldGen       total 68608K, used 17416K [0x00000000c0000000, 0x00000000c4300000, 0x00000000eab00000)
  object space 68608K, 25% used [0x00000000c0000000,0x00000000c1102060,0x00000000c4300000)
 Metaspace       used 41267K, committed 42240K, reserved 1114112K
  class space    used 4197K, committed 4608K, reserved 1048576K
}
Event: 5.412 GC heap before
{Heap before GC invocations=15 (full 2):
 PSYoungGen      total 23040K, used 23040K [0x00000000eab00000, 0x00000000ec700000, 0x0000000100000000)
  eden space 22528K, 100% used [0x00000000eab00000,0x00000000ec100000,0x00000000ec100000)
  from space 512K, 100% used [0x00000000ec680000,0x00000000ec700000,0x00000000ec700000)
  to   space 3072K, 0% used [0x00000000ec100000,0x00000000ec100000,0x00000000ec400000)
 ParOldGen       total 68608K, used 17416K [0x00000000c0000000, 0x00000000c4300000, 0x00000000eab00000)
  object space 68608K, 25% used [0x00000000c0000000,0x00000000c1102060,0x00000000c4300000)
 Metaspace       used 43412K, committed 44480K, reserved 1114112K
  class space    used 4481K, committed 4928K, reserved 1048576K
}
Event: 5.416 GC heap after
{Heap after GC invocations=15 (full 2):
 PSYoungGen      total 25088K, used 1021K [0x00000000eab00000, 0x00000000ec700000, 0x0000000100000000)
  eden space 22016K, 0% used [0x00000000eab00000,0x00000000eab00000,0x00000000ec080000)
  from space 3072K, 33% used [0x00000000ec100000,0x00000000ec1ff658,0x00000000ec400000)
  to   space 2048K, 0% used [0x00000000ec500000,0x00000000ec500000,0x00000000ec700000)
 ParOldGen       total 68608K, used 17899K [0x00000000c0000000, 0x00000000c4300000, 0x00000000eab00000)
  object space 68608K, 26% used [0x00000000c0000000,0x00000000c117adb8,0x00000000c4300000)
 Metaspace       used 43412K, committed 44480K, reserved 1114112K
  class space    used 4481K, committed 4928K, reserved 1048576K
}
Event: 5.647 GC heap before
{Heap before GC invocations=16 (full 2):
 PSYoungGen      total 25088K, used 23037K [0x00000000eab00000, 0x00000000ec700000, 0x0000000100000000)
  eden space 22016K, 100% used [0x00000000eab00000,0x00000000ec080000,0x00000000ec080000)
  from space 3072K, 33% used [0x00000000ec100000,0x00000000ec1ff658,0x00000000ec400000)
  to   space 2048K, 0% used [0x00000000ec500000,0x00000000ec500000,0x00000000ec700000)
 ParOldGen       total 68608K, used 17899K [0x00000000c0000000, 0x00000000c4300000, 0x00000000eab00000)
  object space 68608K, 26% used [0x00000000c0000000,0x00000000c117adb8,0x00000000c4300000)
 Metaspace       used 44931K, committed 45952K, reserved 1114112K
  class space    used 4668K, committed 5120K, reserved 1048576K
}
Event: 5.649 GC heap after
{Heap after GC invocations=16 (full 2):
 PSYoungGen      total 23040K, used 854K [0x00000000eab00000, 0x00000000ec600000, 0x0000000100000000)
  eden space 22016K, 0% used [0x00000000eab00000,0x00000000eab00000,0x00000000ec080000)
  from space 1024K, 83% used [0x00000000ec500000,0x00000000ec5d5898,0x00000000ec600000)
  to   space 1024K, 0% used [0x00000000ec400000,0x00000000ec400000,0x00000000ec500000)
 ParOldGen       total 68608K, used 18619K [0x00000000c0000000, 0x00000000c4300000, 0x00000000eab00000)
  object space 68608K, 27% used [0x00000000c0000000,0x00000000c122edb8,0x00000000c4300000)
 Metaspace       used 44931K, committed 45952K, reserved 1114112K
  class space    used 4668K, committed 5120K, reserved 1048576K
}
Event: 5.972 GC heap before
{Heap before GC invocations=17 (full 2):
 PSYoungGen      total 23040K, used 22870K [0x00000000eab00000, 0x00000000ec600000, 0x0000000100000000)
  eden space 22016K, 100% used [0x00000000eab00000,0x00000000ec080000,0x00000000ec080000)
  from space 1024K, 83% used [0x00000000ec500000,0x00000000ec5d5898,0x00000000ec600000)
  to   space 1024K, 0% used [0x00000000ec400000,0x00000000ec400000,0x00000000ec500000)
 ParOldGen       total 68608K, used 18619K [0x00000000c0000000, 0x00000000c4300000, 0x00000000eab00000)
  object space 68608K, 27% used [0x00000000c0000000,0x00000000c122edb8,0x00000000c4300000)
 Metaspace       used 47211K, committed 48320K, reserved 1114112K
  class space    used 4911K, committed 5440K, reserved 1048576K
}
Event: 5.977 GC heap after
{Heap after GC invocations=17 (full 2):
 PSYoungGen      total 23040K, used 1008K [0x00000000eab00000, 0x00000000ec680000, 0x0000000100000000)
  eden space 22016K, 0% used [0x00000000eab00000,0x00000000eab00000,0x00000000ec080000)
  from space 1024K, 98% used [0x00000000ec400000,0x00000000ec4fc030,0x00000000ec500000)
  to   space 1536K, 0% used [0x00000000ec500000,0x00000000ec500000,0x00000000ec680000)
 ParOldGen       total 68608K, used 20320K [0x00000000c0000000, 0x00000000c4300000, 0x00000000eab00000)
  object space 68608K, 29% used [0x00000000c0000000,0x00000000c13d82d8,0x00000000c4300000)
 Metaspace       used 47211K, committed 48320K, reserved 1114112K
  class space    used 4911K, committed 5440K, reserved 1048576K
}
Event: 6.159 GC heap before
{Heap before GC invocations=18 (full 2):
 PSYoungGen      total 23040K, used 23024K [0x00000000eab00000, 0x00000000ec680000, 0x0000000100000000)
  eden space 22016K, 100% used [0x00000000eab00000,0x00000000ec080000,0x00000000ec080000)
  from space 1024K, 98% used [0x00000000ec400000,0x00000000ec4fc030,0x00000000ec500000)
  to   space 1536K, 0% used [0x00000000ec500000,0x00000000ec500000,0x00000000ec680000)
 ParOldGen       total 68608K, used 20320K [0x00000000c0000000, 0x00000000c4300000, 0x00000000eab00000)
  object space 68608K, 29% used [0x00000000c0000000,0x00000000c13d82d8,0x00000000c4300000)
 Metaspace       used 48247K, committed 49344K, reserved 1114112K
  class space    used 5066K, committed 5568K, reserved 1048576K
}
Event: 6.162 GC heap after
{Heap after GC invocations=18 (full 2):
 PSYoungGen      total 23552K, used 1504K [0x00000000eab00000, 0x00000000ec680000, 0x0000000100000000)
  eden space 22016K, 0% used [0x00000000eab00000,0x00000000eab00000,0x00000000ec080000)
  from space 1536K, 97% used [0x00000000ec500000,0x00000000ec678020,0x00000000ec680000)
  to   space 3072K, 0% used [0x00000000ec080000,0x00000000ec080000,0x00000000ec380000)
 ParOldGen       total 68608K, used 21489K [0x00000000c0000000, 0x00000000c4300000, 0x00000000eab00000)
  object space 68608K, 31% used [0x00000000c0000000,0x00000000c14fc508,0x00000000c4300000)
 Metaspace       used 48247K, committed 49344K, reserved 1114112K
  class space    used 5066K, committed 5568K, reserved 1048576K
}
Event: 6.326 GC heap before
{Heap before GC invocations=19 (full 2):
 PSYoungGen      total 23552K, used 23520K [0x00000000eab00000, 0x00000000ec680000, 0x0000000100000000)
  eden space 22016K, 100% used [0x00000000eab00000,0x00000000ec080000,0x00000000ec080000)
  from space 1536K, 97% used [0x00000000ec500000,0x00000000ec678020,0x00000000ec680000)
  to   space 3072K, 0% used [0x00000000ec080000,0x00000000ec080000,0x00000000ec380000)
 ParOldGen       total 68608K, used 21489K [0x00000000c0000000, 0x00000000c4300000, 0x00000000eab00000)
  object space 68608K, 31% used [0x00000000c0000000,0x00000000c14fc508,0x00000000c4300000)
 Metaspace       used 49663K, committed 50816K, reserved 1114112K
  class space    used 5248K, committed 5824K, reserved 1048576K
}
Event: 6.329 GC heap after
{Heap after GC invocations=19 (full 2):
 PSYoungGen      total 25088K, used 2686K [0x00000000eab00000, 0x00000000ec680000, 0x0000000100000000)
  eden space 22016K, 0% used [0x00000000eab00000,0x00000000eab00000,0x00000000ec080000)
  from space 3072K, 87% used [0x00000000ec080000,0x00000000ec31fae0,0x00000000ec380000)
  to   space 3072K, 0% used [0x00000000ec380000,0x00000000ec380000,0x00000000ec680000)
 ParOldGen       total 68608K, used 22905K [0x00000000c0000000, 0x00000000c4300000, 0x00000000eab00000)
  object space 68608K, 33% used [0x00000000c0000000,0x00000000c165e518,0x00000000c4300000)
 Metaspace       used 49663K, committed 50816K, reserved 1114112K
  class space    used 5248K, committed 5824K, reserved 1048576K
}
Event: 6.440 GC heap before
{Heap before GC invocations=20 (full 2):
 PSYoungGen      total 25088K, used 24702K [0x00000000eab00000, 0x00000000ec680000, 0x0000000100000000)
  eden space 22016K, 100% used [0x00000000eab00000,0x00000000ec080000,0x00000000ec080000)
  from space 3072K, 87% used [0x00000000ec080000,0x00000000ec31fae0,0x00000000ec380000)
  to   space 3072K, 0% used [0x00000000ec380000,0x00000000ec380000,0x00000000ec680000)
 ParOldGen       total 68608K, used 22905K [0x00000000c0000000, 0x00000000c4300000, 0x00000000eab00000)
  object space 68608K, 33% used [0x00000000c0000000,0x00000000c165e518,0x00000000c4300000)
 Metaspace       used 49956K, committed 51072K, reserved 1114112K
  class space    used 5287K, committed 5824K, reserved 1048576K
}
Event: 6.447 GC heap after
{Heap after GC invocations=20 (full 2):
 PSYoungGen      total 24576K, used 2370K [0x00000000eab00000, 0x00000000ec600000, 0x0000000100000000)
  eden space 22016K, 0% used [0x00000000eab00000,0x00000000eab00000,0x00000000ec080000)
  from space 2560K, 92% used [0x00000000ec380000,0x00000000ec5d0830,0x00000000ec600000)
  to   space 2560K, 0% used [0x00000000ec100000,0x00000000ec100000,0x00000000ec380000)
 ParOldGen       total 68608K, used 25395K [0x00000000c0000000, 0x00000000c4300000, 0x00000000eab00000)
  object space 68608K, 37% used [0x00000000c0000000,0x00000000c18ccfb0,0x00000000c4300000)
 Metaspace       used 49956K, committed 51072K, reserved 1114112K
  class space    used 5287K, committed 5824K, reserved 1048576K
}
Event: 6.643 GC heap before
{Heap before GC invocations=21 (full 2):
 PSYoungGen      total 24576K, used 24386K [0x00000000eab00000, 0x00000000ec600000, 0x0000000100000000)
  eden space 22016K, 100% used [0x00000000eab00000,0x00000000ec080000,0x00000000ec080000)
  from space 2560K, 92% used [0x00000000ec380000,0x00000000ec5d0830,0x00000000ec600000)
  to   space 2560K, 0% used [0x00000000ec100000,0x00000000ec100000,0x00000000ec380000)
 ParOldGen       total 68608K, used 25395K [0x00000000c0000000, 0x00000000c4300000, 0x00000000eab00000)
  object space 68608K, 37% used [0x00000000c0000000,0x00000000c18ccfb0,0x00000000c4300000)
 Metaspace       used 51850K, committed 52992K, reserved 1114112K
  class space    used 5507K, committed 6016K, reserved 1048576K
}
Event: 6.646 GC heap after
{Heap after GC invocations=21 (full 2):
 PSYoungGen      total 24576K, used 2157K [0x00000000eab00000, 0x00000000ec580000, 0x0000000100000000)
  eden space 22016K, 0% used [0x00000000eab00000,0x00000000eab00000,0x00000000ec080000)
  from space 2560K, 84% used [0x00000000ec100000,0x00000000ec31b510,0x00000000ec380000)
  to   space 2048K, 0% used [0x00000000ec380000,0x00000000ec380000,0x00000000ec580000)
 ParOldGen       total 68608K, used 27669K [0x00000000c0000000, 0x00000000c4300000, 0x00000000eab00000)
  object space 68608K, 40% used [0x00000000c0000000,0x00000000c1b054f0,0x00000000c4300000)
 Metaspace       used 51850K, committed 52992K, reserved 1114112K
  class space    used 5507K, committed 6016K, reserved 1048576K
}
Event: 6.983 GC heap before
{Heap before GC invocations=22 (full 2):
 PSYoungGen      total 24576K, used 24173K [0x00000000eab00000, 0x00000000ec580000, 0x0000000100000000)
  eden space 22016K, 100% used [0x00000000eab00000,0x00000000ec080000,0x00000000ec080000)
  from space 2560K, 84% used [0x00000000ec100000,0x00000000ec31b510,0x00000000ec380000)
  to   space 2048K, 0% used [0x00000000ec380000,0x00000000ec380000,0x00000000ec580000)
 ParOldGen       total 68608K, used 27669K [0x00000000c0000000, 0x00000000c4300000, 0x00000000eab00000)
  object space 68608K, 40% used [0x00000000c0000000,0x00000000c1b054f0,0x00000000c4300000)
 Metaspace       used 53639K, committed 54656K, reserved 1114112K
  class space    used 5749K, committed 6208K, reserved 1048576K
}
Event: 6.985 GC heap after
{Heap after GC invocations=22 (full 2):
 PSYoungGen      total 23552K, used 1190K [0x00000000eab00000, 0x00000000ec500000, 0x0000000100000000)
  eden space 22016K, 0% used [0x00000000eab00000,0x00000000eab00000,0x00000000ec080000)
  from space 1536K, 77% used [0x00000000ec380000,0x00000000ec4a9ad8,0x00000000ec500000)
  to   space 2048K, 0% used [0x00000000ec100000,0x00000000ec100000,0x00000000ec300000)
 ParOldGen       total 68608K, used 29612K [0x00000000c0000000, 0x00000000c4300000, 0x00000000eab00000)
  object space 68608K, 43% used [0x00000000c0000000,0x00000000c1ceb0a0,0x00000000c4300000)
 Metaspace       used 53639K, committed 54656K, reserved 1114112K
  class space    used 5749K, committed 6208K, reserved 1048576K
}

