# JRE version: OpenJDK Runtime Environment Temurin-17.0.13+11 (17.0.13+11) (build 17.0.13+11)
# Java VM: OpenJDK 64-Bit Server VM Temurin-17.0.13+11 (17.0.13+11, mixed mode, tiered, compressed oops, compressed class ptrs, parallel gc, windows-amd64)
GC Precious Log:
 CPUs: 4 total, 4 available
 Memory: 12180M
 Large Page Support: Disabled
 NUMA Support: Disabled
 Compressed Oops: Enabled (32-bit)
 Alignments: Space 512K, Generation 512K, Heap 2M
 Heap Min Capacity: 100M
 Heap Initial Capacity: 100M
 Heap Max Capacity: 1G
 Pre-touch: Disabled
 Parallel Workers: 4
Heap:
 PSYoungGen      total 30720K, used 30449K [0x00000000eab00000, 0x00000000ed600000, 0x0000000100000000)
  eden space 18432K, 99% used [0x00000000eab00000,0x00000000ebcf8220,0x00000000ebd00000)
  from space 12288K, 98% used [0x00000000eca00000,0x00000000ed5c41f0,0x00000000ed600000)
  to   space 12800K, 0% used [0x00000000ebd00000,0x00000000ebd00000,0x00000000ec980000)
 ParOldGen       total 355840K, used 354678K [0x00000000c0000000, 0x00000000d5b80000, 0x00000000eab00000)
  object space 355840K, 99% used [0x00000000c0000000,0x00000000d5a5da48,0x00000000d5b80000)
 Metaspace       used 72085K, committed 73536K, reserved 1114112K
  class space    used 7467K, committed 8128K, reserved 1048576K
GC Heap History (20 events):
Event: 26.530 GC heap after
{Heap after GC invocations=353 (full 14):
 PSYoungGen      total 19456K, used 8675K [0x00000000eab00000, 0x00000000ec980000, 0x0000000100000000)
  eden space 10752K, 0% used [0x00000000eab00000,0x00000000eab00000,0x00000000eb580000)
  from space 8704K, 99% used [0x00000000eb580000,0x00000000ebdf8f18,0x00000000ebe00000)
  to   space 9728K, 0% used [0x00000000ec000000,0x00000000ec000000,0x00000000ec980000)
 ParOldGen       total 355840K, used 343509K [0x00000000c0000000, 0x00000000d5b80000, 0x00000000eab00000)
  object space 355840K, 96% used [0x00000000c0000000,0x00000000d4f75410,0x00000000d5b80000)
 Metaspace       used 72085K, committed 73536K, reserved 1114112K
  class space    used 7467K, committed 8128K, reserved 1048576K
}
Event: 26.569 GC heap before
{Heap before GC invocations=354 (full 14):
 PSYoungGen      total 19456K, used 19427K [0x00000000eab00000, 0x00000000ec980000, 0x0000000100000000)
  eden space 10752K, 100% used [0x00000000eab00000,0x00000000eb580000,0x00000000eb580000)
  from space 8704K, 99% used [0x00000000eb580000,0x00000000ebdf8f18,0x00000000ebe00000)
  to   space 9728K, 0% used [0x00000000ec000000,0x00000000ec000000,0x00000000ec980000)
 ParOldGen       total 355840K, used 343509K [0x00000000c0000000, 0x00000000d5b80000, 0x00000000eab00000)
  object space 355840K, 96% used [0x00000000c0000000,0x00000000d4f75410,0x00000000d5b80000)
 Metaspace       used 72085K, committed 73536K, reserved 1114112K
  class space    used 7467K, committed 8128K, reserved 1048576K
}
Event: 26.573 GC heap after
{Heap after GC invocations=354 (full 14):
 PSYoungGen      total 20992K, used 8976K [0x00000000eab00000, 0x00000000ec900000, 0x0000000100000000)
  eden space 11776K, 0% used [0x00000000eab00000,0x00000000eab00000,0x00000000eb680000)
  from space 9216K, 97% used [0x00000000ec000000,0x00000000ec8c4008,0x00000000ec900000)
  to   space 9216K, 0% used [0x00000000eb700000,0x00000000eb700000,0x00000000ec000000)
 ParOldGen       total 355840K, used 344629K [0x00000000c0000000, 0x00000000d5b80000, 0x00000000eab00000)
  object space 355840K, 96% used [0x00000000c0000000,0x00000000d508d410,0x00000000d5b80000)
 Metaspace       used 72085K, committed 73536K, reserved 1114112K
  class space    used 7467K, committed 8128K, reserved 1048576K
}
Event: 26.618 GC heap before
{Heap before GC invocations=355 (full 14):
 PSYoungGen      total 20992K, used 20752K [0x00000000eab00000, 0x00000000ec900000, 0x0000000100000000)
  eden space 11776K, 100% used [0x00000000eab00000,0x00000000eb680000,0x00000000eb680000)
  from space 9216K, 97% used [0x00000000ec000000,0x00000000ec8c4008,0x00000000ec900000)
  to   space 9216K, 0% used [0x00000000eb700000,0x00000000eb700000,0x00000000ec000000)
 ParOldGen       total 355840K, used 344629K [0x00000000c0000000, 0x00000000d5b80000, 0x00000000eab00000)
  object space 355840K, 96% used [0x00000000c0000000,0x00000000d508d410,0x00000000d5b80000)
 Metaspace       used 72085K, committed 73536K, reserved 1114112K
  class space    used 7467K, committed 8128K, reserved 1048576K
}
Event: 26.623 GC heap after
{Heap after GC invocations=355 (full 14):
 PSYoungGen      total 21504K, used 9200K [0x00000000eab00000, 0x00000000ecd80000, 0x0000000100000000)
  eden space 12288K, 0% used [0x00000000eab00000,0x00000000eab00000,0x00000000eb700000)
  from space 9216K, 99% used [0x00000000eb700000,0x00000000ebffc008,0x00000000ec000000)
  to   space 11264K, 0% used [0x00000000ec280000,0x00000000ec280000,0x00000000ecd80000)
 ParOldGen       total 355840K, used 345959K [0x00000000c0000000, 0x00000000d5b80000, 0x00000000eab00000)
  object space 355840K, 97% used [0x00000000c0000000,0x00000000d51d9c20,0x00000000d5b80000)
 Metaspace       used 72085K, committed 73536K, reserved 1114112K
  class space    used 7467K, committed 8128K, reserved 1048576K
}
Event: 26.661 GC heap before
{Heap before GC invocations=356 (full 14):
 PSYoungGen      total 21504K, used 21488K [0x00000000eab00000, 0x00000000ecd80000, 0x0000000100000000)
  eden space 12288K, 100% used [0x00000000eab00000,0x00000000eb700000,0x00000000eb700000)
  from space 9216K, 99% used [0x00000000eb700000,0x00000000ebffc008,0x00000000ec000000)
  to   space 11264K, 0% used [0x00000000ec280000,0x00000000ec280000,0x00000000ecd80000)
 ParOldGen       total 355840K, used 345959K [0x00000000c0000000, 0x00000000d5b80000, 0x00000000eab00000)
  object space 355840K, 97% used [0x00000000c0000000,0x00000000d51d9c20,0x00000000d5b80000)
 Metaspace       used 72085K, committed 73536K, reserved 1114112K
  class space    used 7467K, committed 8128K, reserved 1048576K
}
Event: 26.667 GC heap after
{Heap after GC invocations=356 (full 14):
 PSYoungGen      total 23552K, used 9760K [0x00000000eab00000, 0x00000000ecc80000, 0x0000000100000000)
  eden space 13312K, 0% used [0x00000000eab00000,0x00000000eab00000,0x00000000eb800000)
  from space 10240K, 95% used [0x00000000ec280000,0x00000000ecc08270,0x00000000ecc80000)
  to   space 10240K, 0% used [0x00000000eb880000,0x00000000eb880000,0x00000000ec280000)
 ParOldGen       total 355840K, used 347063K [0x00000000c0000000, 0x00000000d5b80000, 0x00000000eab00000)
  object space 355840K, 97% used [0x00000000c0000000,0x00000000d52edc20,0x00000000d5b80000)
 Metaspace       used 72085K, committed 73536K, reserved 1114112K
  class space    used 7467K, committed 8128K, reserved 1048576K
}
Event: 26.708 GC heap before
{Heap before GC invocations=357 (full 14):
 PSYoungGen      total 23552K, used 23072K [0x00000000eab00000, 0x00000000ecc80000, 0x0000000100000000)
  eden space 13312K, 100% used [0x00000000eab00000,0x00000000eb800000,0x00000000eb800000)
  from space 10240K, 95% used [0x00000000ec280000,0x00000000ecc08270,0x00000000ecc80000)
  to   space 10240K, 0% used [0x00000000eb880000,0x00000000eb880000,0x00000000ec280000)
 ParOldGen       total 355840K, used 347063K [0x00000000c0000000, 0x00000000d5b80000, 0x00000000eab00000)
  object space 355840K, 97% used [0x00000000c0000000,0x00000000d52edc20,0x00000000d5b80000)
 Metaspace       used 72085K, committed 73536K, reserved 1114112K
  class space    used 7467K, committed 8128K, reserved 1048576K
}
Event: 26.712 GC heap after
{Heap after GC invocations=357 (full 14):
 PSYoungGen      total 24064K, used 10210K [0x00000000eab00000, 0x00000000ed180000, 0x0000000100000000)
  eden space 13824K, 0% used [0x00000000eab00000,0x00000000eab00000,0x00000000eb880000)
  from space 10240K, 99% used [0x00000000eb880000,0x00000000ec278bd0,0x00000000ec280000)
  to   space 12288K, 0% used [0x00000000ec580000,0x00000000ec580000,0x00000000ed180000)
 ParOldGen       total 355840K, used 348491K [0x00000000c0000000, 0x00000000d5b80000, 0x00000000eab00000)
  object space 355840K, 97% used [0x00000000c0000000,0x00000000d5452e28,0x00000000d5b80000)
 Metaspace       used 72085K, committed 73536K, reserved 1114112K
  class space    used 7467K, committed 8128K, reserved 1048576K
}
Event: 26.759 GC heap before
{Heap before GC invocations=358 (full 14):
 PSYoungGen      total 24064K, used 24034K [0x00000000eab00000, 0x00000000ed180000, 0x0000000100000000)
  eden space 13824K, 100% used [0x00000000eab00000,0x00000000eb880000,0x00000000eb880000)
  from space 10240K, 99% used [0x00000000eb880000,0x00000000ec278bd0,0x00000000ec280000)
  to   space 12288K, 0% used [0x00000000ec580000,0x00000000ec580000,0x00000000ed180000)
 ParOldGen       total 355840K, used 348491K [0x00000000c0000000, 0x00000000d5b80000, 0x00000000eab00000)
  object space 355840K, 97% used [0x00000000c0000000,0x00000000d5452e28,0x00000000d5b80000)
 Metaspace       used 72085K, committed 73536K, reserved 1114112K
  class space    used 7467K, committed 8128K, reserved 1048576K
}
Event: 26.766 GC heap after
{Heap after GC invocations=358 (full 14):
 PSYoungGen      total 26112K, used 10342K [0x00000000eab00000, 0x00000000ed000000, 0x0000000100000000)
  eden space 15360K, 0% used [0x00000000eab00000,0x00000000eab00000,0x00000000eba00000)
  from space 10752K, 96% used [0x00000000ec580000,0x00000000ecf99818,0x00000000ed000000)
  to   space 11264K, 0% used [0x00000000eba00000,0x00000000eba00000,0x00000000ec500000)
 ParOldGen       total 355840K, used 349691K [0x00000000c0000000, 0x00000000d5b80000, 0x00000000eab00000)
  object space 355840K, 98% used [0x00000000c0000000,0x00000000d557ee28,0x00000000d5b80000)
 Metaspace       used 72085K, committed 73536K, reserved 1114112K
  class space    used 7467K, committed 8128K, reserved 1048576K
}
Event: 26.825 GC heap before
{Heap before GC invocations=359 (full 14):
 PSYoungGen      total 26112K, used 25702K [0x00000000eab00000, 0x00000000ed000000, 0x0000000100000000)
  eden space 15360K, 100% used [0x00000000eab00000,0x00000000eba00000,0x00000000eba00000)
  from space 10752K, 96% used [0x00000000ec580000,0x00000000ecf99818,0x00000000ed000000)
  to   space 11264K, 0% used [0x00000000eba00000,0x00000000eba00000,0x00000000ec500000)
 ParOldGen       total 355840K, used 349691K [0x00000000c0000000, 0x00000000d5b80000, 0x00000000eab00000)
  object space 355840K, 98% used [0x00000000c0000000,0x00000000d557ee28,0x00000000d5b80000)
 Metaspace       used 72085K, committed 73536K, reserved 1114112K
  class space    used 7467K, committed 8128K, reserved 1048576K
}
Event: 26.830 GC heap after
{Heap after GC invocations=359 (full 14):
 PSYoungGen      total 26624K, used 11238K [0x00000000eab00000, 0x00000000ed300000, 0x0000000100000000)
  eden space 15360K, 0% used [0x00000000eab00000,0x00000000eab00000,0x00000000eba00000)
  from space 11264K, 99% used [0x00000000eba00000,0x00000000ec4f9818,0x00000000ec500000)
  to   space 12288K, 0% used [0x00000000ec700000,0x00000000ec700000,0x00000000ed300000)
 ParOldGen       total 355840K, used 350307K [0x00000000c0000000, 0x00000000d5b80000, 0x00000000eab00000)
  object space 355840K, 98% used [0x00000000c0000000,0x00000000d5618e28,0x00000000d5b80000)
 Metaspace       used 72085K, committed 73536K, reserved 1114112K
  class space    used 7467K, committed 8128K, reserved 1048576K
}
Event: 26.935 GC heap before
{Heap before GC invocations=360 (full 14):
 PSYoungGen      total 26624K, used 26598K [0x00000000eab00000, 0x00000000ed300000, 0x0000000100000000)
  eden space 15360K, 100% used [0x00000000eab00000,0x00000000eba00000,0x00000000eba00000)
  from space 11264K, 99% used [0x00000000eba00000,0x00000000ec4f9818,0x00000000ec500000)
  to   space 12288K, 0% used [0x00000000ec700000,0x00000000ec700000,0x00000000ed300000)
 ParOldGen       total 355840K, used 350307K [0x00000000c0000000, 0x00000000d5b80000, 0x00000000eab00000)
  object space 355840K, 98% used [0x00000000c0000000,0x00000000d5618e28,0x00000000d5b80000)
 Metaspace       used 72085K, committed 73536K, reserved 1114112K
  class space    used 7467K, committed 8128K, reserved 1048576K
}
Event: 26.941 GC heap after
{Heap after GC invocations=360 (full 14):
 PSYoungGen      total 28160K, used 11638K [0x00000000eab00000, 0x00000000ed280000, 0x0000000100000000)
  eden space 16384K, 0% used [0x00000000eab00000,0x00000000eab00000,0x00000000ebb00000)
  from space 11776K, 98% used [0x00000000ec700000,0x00000000ed25d818,0x00000000ed280000)
  to   space 11776K, 0% used [0x00000000ebb80000,0x00000000ebb80000,0x00000000ec700000)
 ParOldGen       total 355840K, used 351906K [0x00000000c0000000, 0x00000000d5b80000, 0x00000000eab00000)
  object space 355840K, 98% used [0x00000000c0000000,0x00000000d57a8840,0x00000000d5b80000)
 Metaspace       used 72085K, committed 73536K, reserved 1114112K
  class space    used 7467K, committed 8128K, reserved 1048576K
}
Event: 27.009 GC heap before
{Heap before GC invocations=361 (full 14):
 PSYoungGen      total 28160K, used 28022K [0x00000000eab00000, 0x00000000ed280000, 0x0000000100000000)
  eden space 16384K, 100% used [0x00000000eab00000,0x00000000ebb00000,0x00000000ebb00000)
  from space 11776K, 98% used [0x00000000ec700000,0x00000000ed25d818,0x00000000ed280000)
  to   space 11776K, 0% used [0x00000000ebb80000,0x00000000ebb80000,0x00000000ec700000)
 ParOldGen       total 355840K, used 351906K [0x00000000c0000000, 0x00000000d5b80000, 0x00000000eab00000)
  object space 355840K, 98% used [0x00000000c0000000,0x00000000d57a8840,0x00000000d5b80000)
 Metaspace       used 72085K, committed 73536K, reserved 1114112K
  class space    used 7467K, committed 8128K, reserved 1048576K
}
Event: 27.014 GC heap after
{Heap after GC invocations=361 (full 14):
 PSYoungGen      total 28672K, used 11771K [0x00000000eab00000, 0x00000000ed780000, 0x0000000100000000)
  eden space 16896K, 0% used [0x00000000eab00000,0x00000000eab00000,0x00000000ebb80000)
  from space 11776K, 99% used [0x00000000ebb80000,0x00000000ec6fec10,0x00000000ec700000)
  to   space 13824K, 0% used [0x00000000eca00000,0x00000000eca00000,0x00000000ed780000)
 ParOldGen       total 355840K, used 353278K [0x00000000c0000000, 0x00000000d5b80000, 0x00000000eab00000)
  object space 355840K, 99% used [0x00000000c0000000,0x00000000d58ffa48,0x00000000d5b80000)
 Metaspace       used 72085K, committed 73536K, reserved 1114112K
  class space    used 7467K, committed 8128K, reserved 1048576K
}
Event: 27.088 GC heap before
{Heap before GC invocations=362 (full 14):
 PSYoungGen      total 28672K, used 28667K [0x00000000eab00000, 0x00000000ed780000, 0x0000000100000000)
  eden space 16896K, 100% used [0x00000000eab00000,0x00000000ebb80000,0x00000000ebb80000)
  from space 11776K, 99% used [0x00000000ebb80000,0x00000000ec6fec10,0x00000000ec700000)
  to   space 13824K, 0% used [0x00000000eca00000,0x00000000eca00000,0x00000000ed780000)
 ParOldGen       total 355840K, used 353278K [0x00000000c0000000, 0x00000000d5b80000, 0x00000000eab00000)
  object space 355840K, 99% used [0x00000000c0000000,0x00000000d58ffa48,0x00000000d5b80000)
 Metaspace       used 72085K, committed 73536K, reserved 1114112K
  class space    used 7467K, committed 8128K, reserved 1048576K
}
Event: 27.095 GC heap after
{Heap after GC invocations=362 (full 14):
 PSYoungGen      total 30720K, used 12048K [0x00000000eab00000, 0x00000000ed600000, 0x0000000100000000)
  eden space 18432K, 0% used [0x00000000eab00000,0x00000000eab00000,0x00000000ebd00000)
  from space 12288K, 98% used [0x00000000eca00000,0x00000000ed5c41f0,0x00000000ed600000)
  to   space 12800K, 0% used [0x00000000ebd00000,0x00000000ebd00000,0x00000000ec980000)
 ParOldGen       total 355840K, used 354678K [0x00000000c0000000, 0x00000000d5b80000, 0x00000000eab00000)
  object space 355840K, 99% used [0x00000000c0000000,0x00000000d5a5da48,0x00000000d5b80000)
 Metaspace       used 72085K, committed 73536K, reserved 1114112K
  class space    used 7467K, committed 8128K, reserved 1048576K
}
Event: 27.161 GC heap before
{Heap before GC invocations=363 (full 15):
 PSYoungGen      total 30720K, used 30449K [0x00000000eab00000, 0x00000000ed600000, 0x0000000100000000)
  eden space 18432K, 99% used [0x00000000eab00000,0x00000000ebcf8220,0x00000000ebd00000)
  from space 12288K, 98% used [0x00000000eca00000,0x00000000ed5c41f0,0x00000000ed600000)
  to   space 12800K, 0% used [0x00000000ebd00000,0x00000000ebd00000,0x00000000ec980000)
 ParOldGen       total 355840K, used 354678K [0x00000000c0000000, 0x00000000d5b80000, 0x00000000eab00000)
  object space 355840K, 99% used [0x00000000c0000000,0x00000000d5a5da48,0x00000000d5b80000)
 Metaspace       used 72085K, committed 73536K, reserved 1114112K
  class space    used 7467K, committed 8128K, reserved 1048576K
}

