# JRE version: OpenJDK Runtime Environment Temurin-17.0.13+11 (17.0.13+11) (build 17.0.13+11)
# Java VM: OpenJDK 64-Bit Server VM Temurin-17.0.13+11 (17.0.13+11, mixed mode, tiered, compressed oops, compressed class ptrs, parallel gc, windows-amd64)
GC Precious Log:
 CPUs: 4 total, 4 available
 Memory: 12180M
 Large Page Support: Disabled
 NUMA Support: Disabled
 Compressed Oops: Enabled (32-bit)
 Alignments: Space 512K, Generation 512K, Heap 2M
 Heap Min Capacity: 100M
 Heap Initial Capacity: 100M
 Heap Max Capacity: 1G
 Pre-touch: Disabled
 Parallel Workers: 4
Heap:
 PSYoungGen      total 36864K, used 36855K [0x00000000eab00000, 0x00000000eeb00000, 0x0000000100000000)
  eden space 26112K, 100% used [0x00000000eab00000,0x00000000ec480000,0x00000000ec480000)
  from space 10752K, 99% used [0x00000000ec480000,0x00000000ecefde68,0x00000000ecf00000)
  to   space 18432K, 0% used [0x00000000ed900000,0x00000000ed900000,0x00000000eeb00000)
 ParOldGen       total 243200K, used 240721K [0x00000000c0000000, 0x00000000ced80000, 0x00000000eab00000)
  object space 243200K, 98% used [0x00000000c0000000,0x00000000ceb14548,0x00000000ced80000)
 Metaspace       used 59934K, committed 60992K, reserved 1114112K
  class space    used 6499K, committed 6976K, reserved 1048576K
GC Heap History (20 events):
Event: 24.920 GC heap after
{Heap after GC invocations=125 (full 9):
 PSYoungGen      total 20480K, used 4915K [0x00000000eab00000, 0x00000000ec500000, 0x0000000100000000)
  eden space 15360K, 0% used [0x00000000eab00000,0x00000000eab00000,0x00000000eba00000)
  from space 5120K, 96% used [0x00000000ec000000,0x00000000ec4ccdb0,0x00000000ec500000)
  to   space 5632K, 0% used [0x00000000eba00000,0x00000000eba00000,0x00000000ebf80000)
 ParOldGen       total 243200K, used 206447K [0x00000000c0000000, 0x00000000ced80000, 0x00000000eab00000)
  object space 243200K, 84% used [0x00000000c0000000,0x00000000cc99be08,0x00000000ced80000)
 Metaspace       used 59934K, committed 60992K, reserved 1114112K
  class space    used 6499K, committed 6976K, reserved 1048576K
}
Event: 24.967 GC heap before
{Heap before GC invocations=126 (full 9):
 PSYoungGen      total 20480K, used 20275K [0x00000000eab00000, 0x00000000ec500000, 0x0000000100000000)
  eden space 15360K, 100% used [0x00000000eab00000,0x00000000eba00000,0x00000000eba00000)
  from space 5120K, 96% used [0x00000000ec000000,0x00000000ec4ccdb0,0x00000000ec500000)
  to   space 5632K, 0% used [0x00000000eba00000,0x00000000eba00000,0x00000000ebf80000)
 ParOldGen       total 243200K, used 206447K [0x00000000c0000000, 0x00000000ced80000, 0x00000000eab00000)
  object space 243200K, 84% used [0x00000000c0000000,0x00000000cc99be08,0x00000000ced80000)
 Metaspace       used 59934K, committed 60992K, reserved 1114112K
  class space    used 6499K, committed 6976K, reserved 1048576K
}
Event: 24.971 GC heap after
{Heap after GC invocations=126 (full 9):
 PSYoungGen      total 20992K, used 5606K [0x00000000eab00000, 0x00000000ecd80000, 0x0000000100000000)
  eden space 15360K, 0% used [0x00000000eab00000,0x00000000eab00000,0x00000000eba00000)
  from space 5632K, 99% used [0x00000000eba00000,0x00000000ebf79b00,0x00000000ebf80000)
  to   space 9216K, 0% used [0x00000000ec480000,0x00000000ec480000,0x00000000ecd80000)
 ParOldGen       total 243200K, used 209005K [0x00000000c0000000, 0x00000000ced80000, 0x00000000eab00000)
  object space 243200K, 85% used [0x00000000c0000000,0x00000000ccc1b660,0x00000000ced80000)
 Metaspace       used 59934K, committed 60992K, reserved 1114112K
  class space    used 6499K, committed 6976K, reserved 1048576K
}
Event: 25.008 GC heap before
{Heap before GC invocations=127 (full 9):
 PSYoungGen      total 20992K, used 20966K [0x00000000eab00000, 0x00000000ecd80000, 0x0000000100000000)
  eden space 15360K, 100% used [0x00000000eab00000,0x00000000eba00000,0x00000000eba00000)
  from space 5632K, 99% used [0x00000000eba00000,0x00000000ebf79b00,0x00000000ebf80000)
  to   space 9216K, 0% used [0x00000000ec480000,0x00000000ec480000,0x00000000ecd80000)
 ParOldGen       total 243200K, used 209005K [0x00000000c0000000, 0x00000000ced80000, 0x00000000eab00000)
  object space 243200K, 85% used [0x00000000c0000000,0x00000000ccc1b660,0x00000000ced80000)
 Metaspace       used 59934K, committed 60992K, reserved 1114112K
  class space    used 6499K, committed 6976K, reserved 1048576K
}
Event: 25.012 GC heap after
{Heap after GC invocations=127 (full 9):
 PSYoungGen      total 23040K, used 5638K [0x00000000eab00000, 0x00000000eca80000, 0x0000000100000000)
  eden space 16896K, 0% used [0x00000000eab00000,0x00000000eab00000,0x00000000ebb80000)
  from space 6144K, 91% used [0x00000000ec480000,0x00000000eca01868,0x00000000eca80000)
  to   space 6656K, 0% used [0x00000000ebd80000,0x00000000ebd80000,0x00000000ec400000)
 ParOldGen       total 243200K, used 212230K [0x00000000c0000000, 0x00000000ced80000, 0x00000000eab00000)
  object space 243200K, 87% used [0x00000000c0000000,0x00000000ccf418b8,0x00000000ced80000)
 Metaspace       used 59934K, committed 60992K, reserved 1114112K
  class space    used 6499K, committed 6976K, reserved 1048576K
}
Event: 25.051 GC heap before
{Heap before GC invocations=128 (full 9):
 PSYoungGen      total 23040K, used 22534K [0x00000000eab00000, 0x00000000eca80000, 0x0000000100000000)
  eden space 16896K, 100% used [0x00000000eab00000,0x00000000ebb80000,0x00000000ebb80000)
  from space 6144K, 91% used [0x00000000ec480000,0x00000000eca01868,0x00000000eca80000)
  to   space 6656K, 0% used [0x00000000ebd80000,0x00000000ebd80000,0x00000000ec400000)
 ParOldGen       total 243200K, used 212230K [0x00000000c0000000, 0x00000000ced80000, 0x00000000eab00000)
  object space 243200K, 87% used [0x00000000c0000000,0x00000000ccf418b8,0x00000000ced80000)
 Metaspace       used 59934K, committed 60992K, reserved 1114112K
  class space    used 6499K, committed 6976K, reserved 1048576K
}
Event: 25.055 GC heap after
{Heap after GC invocations=128 (full 9):
 PSYoungGen      total 25088K, used 6626K [0x00000000eab00000, 0x00000000ed000000, 0x0000000100000000)
  eden space 18432K, 0% used [0x00000000eab00000,0x00000000eab00000,0x00000000ebd00000)
  from space 6656K, 99% used [0x00000000ebd80000,0x00000000ec3f8940,0x00000000ec400000)
  to   space 9728K, 0% used [0x00000000ec680000,0x00000000ec680000,0x00000000ed000000)
 ParOldGen       total 243200K, used 214510K [0x00000000c0000000, 0x00000000ced80000, 0x00000000eab00000)
  object space 243200K, 88% used [0x00000000c0000000,0x00000000cd17bb38,0x00000000ced80000)
 Metaspace       used 59934K, committed 60992K, reserved 1114112K
  class space    used 6499K, committed 6976K, reserved 1048576K
}
Event: 25.104 GC heap before
{Heap before GC invocations=129 (full 9):
 PSYoungGen      total 25088K, used 25058K [0x00000000eab00000, 0x00000000ed000000, 0x0000000100000000)
  eden space 18432K, 100% used [0x00000000eab00000,0x00000000ebd00000,0x00000000ebd00000)
  from space 6656K, 99% used [0x00000000ebd80000,0x00000000ec3f8940,0x00000000ec400000)
  to   space 9728K, 0% used [0x00000000ec680000,0x00000000ec680000,0x00000000ed000000)
 ParOldGen       total 243200K, used 214510K [0x00000000c0000000, 0x00000000ced80000, 0x00000000eab00000)
  object space 243200K, 88% used [0x00000000c0000000,0x00000000cd17bb38,0x00000000ced80000)
 Metaspace       used 59934K, committed 60992K, reserved 1114112K
  class space    used 6499K, committed 6976K, reserved 1048576K
}
Event: 25.109 GC heap after
{Heap after GC invocations=129 (full 9):
 PSYoungGen      total 27136K, used 6902K [0x00000000eab00000, 0x00000000ecd80000, 0x0000000100000000)
  eden space 19968K, 0% used [0x00000000eab00000,0x00000000eab00000,0x00000000ebe80000)
  from space 7168K, 96% used [0x00000000ec680000,0x00000000ecd3d800,0x00000000ecd80000)
  to   space 7680K, 0% used [0x00000000ebe80000,0x00000000ebe80000,0x00000000ec600000)
 ParOldGen       total 243200K, used 218225K [0x00000000c0000000, 0x00000000ced80000, 0x00000000eab00000)
  object space 243200K, 89% used [0x00000000c0000000,0x00000000cd51c730,0x00000000ced80000)
 Metaspace       used 59934K, committed 60992K, reserved 1114112K
  class space    used 6499K, committed 6976K, reserved 1048576K
}
Event: 25.169 GC heap before
{Heap before GC invocations=130 (full 9):
 PSYoungGen      total 27136K, used 26870K [0x00000000eab00000, 0x00000000ecd80000, 0x0000000100000000)
  eden space 19968K, 100% used [0x00000000eab00000,0x00000000ebe80000,0x00000000ebe80000)
  from space 7168K, 96% used [0x00000000ec680000,0x00000000ecd3d800,0x00000000ecd80000)
  to   space 7680K, 0% used [0x00000000ebe80000,0x00000000ebe80000,0x00000000ec600000)
 ParOldGen       total 243200K, used 218225K [0x00000000c0000000, 0x00000000ced80000, 0x00000000eab00000)
  object space 243200K, 89% used [0x00000000c0000000,0x00000000cd51c730,0x00000000ced80000)
 Metaspace       used 59934K, committed 60992K, reserved 1114112K
  class space    used 6499K, committed 6976K, reserved 1048576K
}
Event: 25.173 GC heap after
{Heap after GC invocations=130 (full 9):
 PSYoungGen      total 27648K, used 7662K [0x00000000eab00000, 0x00000000ed800000, 0x0000000100000000)
  eden space 19968K, 0% used [0x00000000eab00000,0x00000000eab00000,0x00000000ebe80000)
  from space 7680K, 99% used [0x00000000ebe80000,0x00000000ec5fb858,0x00000000ec600000)
  to   space 12288K, 0% used [0x00000000ecc00000,0x00000000ecc00000,0x00000000ed800000)
 ParOldGen       total 243200K, used 221817K [0x00000000c0000000, 0x00000000ced80000, 0x00000000eab00000)
  object space 243200K, 91% used [0x00000000c0000000,0x00000000cd89e498,0x00000000ced80000)
 Metaspace       used 59934K, committed 60992K, reserved 1114112K
  class space    used 6499K, committed 6976K, reserved 1048576K
}
Event: 25.231 GC heap before
{Heap before GC invocations=131 (full 9):
 PSYoungGen      total 27648K, used 27630K [0x00000000eab00000, 0x00000000ed800000, 0x0000000100000000)
  eden space 19968K, 100% used [0x00000000eab00000,0x00000000ebe80000,0x00000000ebe80000)
  from space 7680K, 99% used [0x00000000ebe80000,0x00000000ec5fb858,0x00000000ec600000)
  to   space 12288K, 0% used [0x00000000ecc00000,0x00000000ecc00000,0x00000000ed800000)
 ParOldGen       total 243200K, used 221817K [0x00000000c0000000, 0x00000000ced80000, 0x00000000eab00000)
  object space 243200K, 91% used [0x00000000c0000000,0x00000000cd89e498,0x00000000ced80000)
 Metaspace       used 59934K, committed 60992K, reserved 1114112K
  class space    used 6499K, committed 6976K, reserved 1048576K
}
Event: 25.238 GC heap after
{Heap after GC invocations=131 (full 9):
 PSYoungGen      total 29696K, used 7253K [0x00000000eab00000, 0x00000000ed380000, 0x0000000100000000)
  eden space 22016K, 0% used [0x00000000eab00000,0x00000000eab00000,0x00000000ec080000)
  from space 7680K, 94% used [0x00000000ecc00000,0x00000000ed3155a0,0x00000000ed380000)
  to   space 8704K, 0% used [0x00000000ec280000,0x00000000ec280000,0x00000000ecb00000)
 ParOldGen       total 243200K, used 226317K [0x00000000c0000000, 0x00000000ced80000, 0x00000000eab00000)
  object space 243200K, 93% used [0x00000000c0000000,0x00000000cdd037a8,0x00000000ced80000)
 Metaspace       used 59934K, committed 60992K, reserved 1114112K
  class space    used 6499K, committed 6976K, reserved 1048576K
}
Event: 25.321 GC heap before
{Heap before GC invocations=132 (full 9):
 PSYoungGen      total 29696K, used 29269K [0x00000000eab00000, 0x00000000ed380000, 0x0000000100000000)
  eden space 22016K, 100% used [0x00000000eab00000,0x00000000ec080000,0x00000000ec080000)
  from space 7680K, 94% used [0x00000000ecc00000,0x00000000ed3155a0,0x00000000ed380000)
  to   space 8704K, 0% used [0x00000000ec280000,0x00000000ec280000,0x00000000ecb00000)
 ParOldGen       total 243200K, used 226317K [0x00000000c0000000, 0x00000000ced80000, 0x00000000eab00000)
  object space 243200K, 93% used [0x00000000c0000000,0x00000000cdd037a8,0x00000000ced80000)
 Metaspace       used 59934K, committed 60992K, reserved 1114112K
  class space    used 6499K, committed 6976K, reserved 1048576K
}
Event: 25.326 GC heap after
{Heap after GC invocations=132 (full 9):
 PSYoungGen      total 32768K, used 8695K [0x00000000eab00000, 0x00000000edc80000, 0x0000000100000000)
  eden space 24064K, 0% used [0x00000000eab00000,0x00000000eab00000,0x00000000ec280000)
  from space 8704K, 99% used [0x00000000ec280000,0x00000000ecafdec0,0x00000000ecb00000)
  to   space 13312K, 0% used [0x00000000ecf80000,0x00000000ecf80000,0x00000000edc80000)
 ParOldGen       total 243200K, used 229718K [0x00000000c0000000, 0x00000000ced80000, 0x00000000eab00000)
  object space 243200K, 94% used [0x00000000c0000000,0x00000000ce055a10,0x00000000ced80000)
 Metaspace       used 59934K, committed 60992K, reserved 1114112K
  class space    used 6499K, committed 6976K, reserved 1048576K
}
Event: 25.411 GC heap before
{Heap before GC invocations=133 (full 9):
 PSYoungGen      total 32768K, used 32759K [0x00000000eab00000, 0x00000000edc80000, 0x0000000100000000)
  eden space 24064K, 100% used [0x00000000eab00000,0x00000000ec280000,0x00000000ec280000)
  from space 8704K, 99% used [0x00000000ec280000,0x00000000ecafdec0,0x00000000ecb00000)
  to   space 13312K, 0% used [0x00000000ecf80000,0x00000000ecf80000,0x00000000edc80000)
 ParOldGen       total 243200K, used 229718K [0x00000000c0000000, 0x00000000ced80000, 0x00000000eab00000)
  object space 243200K, 94% used [0x00000000c0000000,0x00000000ce055a10,0x00000000ced80000)
 Metaspace       used 59934K, committed 60992K, reserved 1114112K
  class space    used 6499K, committed 6976K, reserved 1048576K
}
Event: 25.418 GC heap after
{Heap after GC invocations=133 (full 9):
 PSYoungGen      total 36352K, used 9612K [0x00000000eab00000, 0x00000000ed980000, 0x0000000100000000)
  eden space 26112K, 0% used [0x00000000eab00000,0x00000000eab00000,0x00000000ec480000)
  from space 10240K, 93% used [0x00000000ecf80000,0x00000000ed8e3038,0x00000000ed980000)
  to   space 10752K, 0% used [0x00000000ec480000,0x00000000ec480000,0x00000000ecf00000)
 ParOldGen       total 243200K, used 234714K [0x00000000c0000000, 0x00000000ced80000, 0x00000000eab00000)
  object space 243200K, 96% used [0x00000000c0000000,0x00000000ce536948,0x00000000ced80000)
 Metaspace       used 59934K, committed 60992K, reserved 1114112K
  class space    used 6499K, committed 6976K, reserved 1048576K
}
Event: 25.484 GC heap before
{Heap before GC invocations=134 (full 9):
 PSYoungGen      total 36352K, used 35724K [0x00000000eab00000, 0x00000000ed980000, 0x0000000100000000)
  eden space 26112K, 100% used [0x00000000eab00000,0x00000000ec480000,0x00000000ec480000)
  from space 10240K, 93% used [0x00000000ecf80000,0x00000000ed8e3038,0x00000000ed980000)
  to   space 10752K, 0% used [0x00000000ec480000,0x00000000ec480000,0x00000000ecf00000)
 ParOldGen       total 243200K, used 234714K [0x00000000c0000000, 0x00000000ced80000, 0x00000000eab00000)
  object space 243200K, 96% used [0x00000000c0000000,0x00000000ce536948,0x00000000ced80000)
 Metaspace       used 59934K, committed 60992K, reserved 1114112K
  class space    used 6499K, committed 6976K, reserved 1048576K
}
Event: 25.490 GC heap after
{Heap after GC invocations=134 (full 9):
 PSYoungGen      total 36864K, used 10743K [0x00000000eab00000, 0x00000000eeb00000, 0x0000000100000000)
  eden space 26112K, 0% used [0x00000000eab00000,0x00000000eab00000,0x00000000ec480000)
  from space 10752K, 99% used [0x00000000ec480000,0x00000000ecefde68,0x00000000ecf00000)
  to   space 18432K, 0% used [0x00000000ed900000,0x00000000ed900000,0x00000000eeb00000)
 ParOldGen       total 243200K, used 240721K [0x00000000c0000000, 0x00000000ced80000, 0x00000000eab00000)
  object space 243200K, 98% used [0x00000000c0000000,0x00000000ceb14548,0x00000000ced80000)
 Metaspace       used 59934K, committed 60992K, reserved 1114112K
  class space    used 6499K, committed 6976K, reserved 1048576K
}
Event: 25.556 GC heap before
{Heap before GC invocations=135 (full 10):
 PSYoungGen      total 36864K, used 36855K [0x00000000eab00000, 0x00000000eeb00000, 0x0000000100000000)
  eden space 26112K, 100% used [0x00000000eab00000,0x00000000ec480000,0x00000000ec480000)
  from space 10752K, 99% used [0x00000000ec480000,0x00000000ecefde68,0x00000000ecf00000)
  to   space 18432K, 0% used [0x00000000ed900000,0x00000000ed900000,0x00000000eeb00000)
 ParOldGen       total 243200K, used 240721K [0x00000000c0000000, 0x00000000ced80000, 0x00000000eab00000)
  object space 243200K, 98% used [0x00000000c0000000,0x00000000ceb14548,0x00000000ced80000)
 Metaspace       used 59934K, committed 60992K, reserved 1114112K
  class space    used 6499K, committed 6976K, reserved 1048576K
}

